D:\SportsStore\dist\out-tsc\src\app\errorHandler.service.js
D:\SportsStore\dist\out-tsc\src\app\errorHandler.service.js.map
D:\SportsStore\dist\out-tsc\src\app\app.component.js
D:\SportsStore\dist\out-tsc\src\app\app.component.js.map
D:\SportsStore\dist\out-tsc\src\app\models\supplier.model.js
D:\SportsStore\dist\out-tsc\src\app\models\supplier.model.js.map
D:\SportsStore\dist\out-tsc\src\app\models\rating.model.js
D:\SportsStore\dist\out-tsc\src\app\models\rating.model.js.map
D:\SportsStore\dist\out-tsc\src\app\models\product.model.js
D:\SportsStore\dist\out-tsc\src\app\models\product.model.js.map
D:\SportsStore\dist\out-tsc\src\app\models\configClasses.repository.js
D:\SportsStore\dist\out-tsc\src\app\models\configClasses.repository.js.map
D:\SportsStore\dist\out-tsc\src\app\models\cart.model.js
D:\SportsStore\dist\out-tsc\src\app\models\cart.model.js.map
D:\SportsStore\dist\out-tsc\src\app\models\Pyment.model.js
D:\SportsStore\dist\out-tsc\src\app\models\Pyment.model.js.map
D:\SportsStore\dist\out-tsc\src\app\models\CartLine.model.js
D:\SportsStore\dist\out-tsc\src\app\models\CartLine.model.js.map
D:\SportsStore\dist\out-tsc\src\app\models\OrderConfirmation.model.js
D:\SportsStore\dist\out-tsc\src\app\models\OrderConfirmation.model.js.map
D:\SportsStore\dist\out-tsc\src\app\models\order.model.js
D:\SportsStore\dist\out-tsc\src\app\models\order.model.js.map
D:\SportsStore\dist\out-tsc\src\app\models\repository.js
D:\SportsStore\dist\out-tsc\src\app\models\repository.js.map
D:\SportsStore\dist\out-tsc\src\app\models\model.module.js
D:\SportsStore\dist\out-tsc\src\app\models\model.module.js.map
D:\SportsStore\dist\out-tsc\src\app\store\productSelection.component.js
D:\SportsStore\dist\out-tsc\src\app\store\productSelection.component.js.map
D:\SportsStore\dist\out-tsc\src\app\store\cartDetail.component.js
D:\SportsStore\dist\out-tsc\src\app\store\cartDetail.component.js.map
D:\SportsStore\dist\out-tsc\src\app\store\checkout\checkoutDetails.component.js
D:\SportsStore\dist\out-tsc\src\app\store\checkout\checkoutDetails.component.js.map
D:\SportsStore\dist\out-tsc\src\app\store\checkout\checkoutPayment.component.js
D:\SportsStore\dist\out-tsc\src\app\store\checkout\checkoutPayment.component.js.map
D:\SportsStore\dist\out-tsc\src\app\store\checkout\checkoutSummary.component.js
D:\SportsStore\dist\out-tsc\src\app\store\checkout\checkoutSummary.component.js.map
D:\SportsStore\dist\out-tsc\src\app\store\checkout\orderConfirmation.component.js
D:\SportsStore\dist\out-tsc\src\app\store\checkout\orderConfirmation.component.js.map
D:\SportsStore\dist\out-tsc\src\app\admin\productAdmin.component.js
D:\SportsStore\dist\out-tsc\src\app\admin\productAdmin.component.js.map
D:\SportsStore\dist\out-tsc\src\app\admin\orderAdmin.component.js
D:\SportsStore\dist\out-tsc\src\app\admin\orderAdmin.component.js.map
D:\SportsStore\dist\out-tsc\src\app\admin\overview.component.js
D:\SportsStore\dist\out-tsc\src\app\admin\overview.component.js.map
D:\SportsStore\dist\out-tsc\src\app\auth\Authentication.service.js
D:\SportsStore\dist\out-tsc\src\app\auth\Authentication.service.js.map
D:\SportsStore\dist\out-tsc\src\app\admin\admin.component.js
D:\SportsStore\dist\out-tsc\src\app\admin\admin.component.js.map
D:\SportsStore\dist\out-tsc\src\app\auth\authentication\authentication.component.js
D:\SportsStore\dist\out-tsc\src\app\auth\authentication\authentication.component.js.map
D:\SportsStore\dist\out-tsc\src\app\auth\authentication.guard.js
D:\SportsStore\dist\out-tsc\src\app\auth\authentication.guard.js.map
D:\SportsStore\dist\out-tsc\src\app\app.routing.js
D:\SportsStore\dist\out-tsc\src\app\app.routing.js.map
D:\SportsStore\dist\out-tsc\src\app\store\cartSummary.component.js
D:\SportsStore\dist\out-tsc\src\app\store\cartSummary.component.js.map
D:\SportsStore\dist\out-tsc\src\app\store\categoryFilter.component.js
D:\SportsStore\dist\out-tsc\src\app\store\categoryFilter.component.js.map
D:\SportsStore\dist\out-tsc\src\app\store\productList.component.js
D:\SportsStore\dist\out-tsc\src\app\store\productList.component.js.map
D:\SportsStore\dist\out-tsc\src\app\store\ratings.component.js
D:\SportsStore\dist\out-tsc\src\app\store\ratings.component.js.map
D:\SportsStore\dist\out-tsc\src\app\store\store.module.js
D:\SportsStore\dist\out-tsc\src\app\store\store.module.js.map
D:\SportsStore\dist\out-tsc\src\app\admin\productEditor.component.js
D:\SportsStore\dist\out-tsc\src\app\admin\productEditor.component.js.map
D:\SportsStore\dist\out-tsc\src\app\admin\admin.module.js
D:\SportsStore\dist\out-tsc\src\app\admin\admin.module.js.map
D:\SportsStore\dist\out-tsc\src\app\auth\auth.module.js
D:\SportsStore\dist\out-tsc\src\app\auth\auth.module.js.map
D:\SportsStore\dist\out-tsc\src\app\app.module.js
D:\SportsStore\dist\out-tsc\src\app\app.module.js.map
D:\SportsStore\dist\out-tsc\src\environments\environment.js
D:\SportsStore\dist\out-tsc\src\environments\environment.js.map
D:\SportsStore\dist\out-tsc\src\main.js
D:\SportsStore\dist\out-tsc\src\main.js.map
D:\SportsStore\dist\out-tsc\src\polyfills.js
D:\SportsStore\dist\out-tsc\src\polyfills.js.map
D:\SportsStore\dist\out-tsc\src\test.js
D:\SportsStore\dist\out-tsc\src\test.js.map
D:\SportsStore\dist\out-tsc\e2e\src\app.po.js
D:\SportsStore\dist\out-tsc\e2e\src\app.po.js.map
D:\SportsStore\dist\out-tsc\e2e\src\app.e2e-spec.js
D:\SportsStore\dist\out-tsc\e2e\src\app.e2e-spec.js.map
D:\SportsStore\dist\out-tsc\src\app\app.component.spec.js
D:\SportsStore\dist\out-tsc\src\app\app.component.spec.js.map
D:\SportsStore\dist\out-tsc\src\environments\environment.prod.js
D:\SportsStore\dist\out-tsc\src\environments\environment.prod.js.map
D:\SportsStore\dist\out-tsc\src\app\auth\Authentication.service.spec.js
D:\SportsStore\dist\out-tsc\src\app\auth\Authentication.service.spec.js.map
D:\SportsStore\dist\out-tsc\src\app\auth\authentication\authentication.component.spec.js
D:\SportsStore\dist\out-tsc\src\app\auth\authentication\authentication.component.spec.js.map
